0 info it worked if it ends with ok
1 verbose cli [ 'C:\\Program Files\\nodejs\\node.exe',
1 verbose cli   'C:\\Program Files\\nodejs\\node_modules\\npm\\bin\\npm-cli.js',
1 verbose cli   'run',
1 verbose cli   'devstart' ]
2 info using npm@3.10.10
3 info using node@v6.11.2
4 verbose run-script [ 'predevstart', 'devstart', 'postdevstart' ]
5 info lifecycle videos@0.0.0~predevstart: videos@0.0.0
6 silly lifecycle videos@0.0.0~predevstart: no script for predevstart, continuing
7 info lifecycle videos@0.0.0~devstart: videos@0.0.0
8 verbose lifecycle videos@0.0.0~devstart: unsafe-perm in lifecycle true
9 verbose lifecycle videos@0.0.0~devstart: PATH: C:\Program Files\nodejs\node_modules\npm\bin\node-gyp-bin;C:\Users\theEvilShadow\Desktop\videos\node_modules\.bin;C:\Users\theEvilShadow\Downloads\Compressed\cmder\bin;C:\Users\theEvilShadow\Downloads\Compressed\cmder\vendor\git-for-windows\cmd;C:\Users\theEvilShadow\Downloads\Compressed\cmder\vendor\conemu-maximus5\ConEmu\Scripts;C:\Users\theEvilShadow\Downloads\Compressed\cmder\vendor\conemu-maximus5;C:\Users\theEvilShadow\Downloads\Compressed\cmder\vendor\conemu-maximus5\ConEmu;C:\Windows\system32;C:\Windows;C:\Windows\System32\Wbem;C:\Windows\System32\WindowsPowerShell\v1.0\;C:\Program Files\nodejs\;C:\Users\theEvilShadow\AppData\Local\atom;C:\laragon\bin\php\php-7.1.1-Win32-VC14-x86;C:\composer;C:\Program Files\Sublime Text 3;C:\Program Files (x86)\Brackets\command;C:\Users\theEvilShadow\AppData\Roaming\npm;C:\Users\theEvilShadow\AppData\Roaming\Composer\vendor\bin;C:\Program Files\Microsoft VS Code\bin;C:\Users\theEvilShadow\Downloads\Compressed\cmder\vendor\git-for-windows\usr\bin;C:\Users\theEvilShadow\Downloads\Compressed\cmder\vendor\git-for-windows\usr\share\vim\vim74;C:\Users\theEvilShadow\Downloads\Compressed\cmder\
10 verbose lifecycle videos@0.0.0~devstart: CWD: C:\Users\theEvilShadow\Desktop\videos
11 silly lifecycle videos@0.0.0~devstart: Args: [ '/d /s /c', 'nodemon ./bin/www' ]
12 silly lifecycle videos@0.0.0~devstart: Returned: code: 3221225786  signal: null
13 info lifecycle videos@0.0.0~devstart: Failed to exec devstart script
14 verbose stack Error: videos@0.0.0 devstart: `nodemon ./bin/www`
14 verbose stack Exit status 3221225786
14 verbose stack     at EventEmitter.<anonymous> (C:\Program Files\nodejs\node_modules\npm\lib\utils\lifecycle.js:255:16)
14 verbose stack     at emitTwo (events.js:106:13)
14 verbose stack     at EventEmitter.emit (events.js:191:7)
14 verbose stack     at ChildProcess.<anonymous> (C:\Program Files\nodejs\node_modules\npm\lib\utils\spawn.js:40:14)
14 verbose stack     at emitTwo (events.js:106:13)
14 verbose stack     at ChildProcess.emit (events.js:191:7)
14 verbose stack     at maybeClose (internal/child_process.js:891:16)
14 verbose stack     at Process.ChildProcess._handle.onexit (internal/child_process.js:226:5)
15 verbose pkgid videos@0.0.0
16 verbose cwd C:\Users\theEvilShadow\Desktop\videos
17 error Windows_NT 6.1.7601
18 error argv "C:\\Program Files\\nodejs\\node.exe" "C:\\Program Files\\nodejs\\node_modules\\npm\\bin\\npm-cli.js" "run" "devstart"
19 error node v6.11.2
20 error npm  v3.10.10
21 error code ELIFECYCLE
22 error videos@0.0.0 devstart: `nodemon ./bin/www`
22 error Exit status 3221225786
23 error Failed at the videos@0.0.0 devstart script 'nodemon ./bin/www'.
23 error Make sure you have the latest version of node.js and npm installed.
23 error If you do, this is most likely a problem with the videos package,
23 error not with npm itself.
23 error Tell the author that this fails on your system:
23 error     nodemon ./bin/www
23 error You can get information on how to open an issue for this project with:
23 error     npm bugs videos
23 error Or if that isn't available, you can get their info via:
23 error     npm owner ls videos
23 error There is likely additional logging output above.
24 verbose exit [ 1, true ]
